Change Component Footprint: Designator=J1 Old Footprint=TBP01R1-508-02BE New Footprint=TBP01R1-508
Change Component Footprint: Designator=J3 Old Footprint=TBP01R1-508-02BE New Footprint=TBP01R1-508
Change component parameters: Designator = "J1" ("J1"); Footprint = "TBP01R1-508-02BE"; UniqueID = "\CUQCVZYL" ("\CUQCVZYL")
Change component parameters (AddParameter): Name = "Designed by"; Value = "BERK"; VariantName = "[No Variations]"
Change component parameters (AddParameter): Name = "Manufacturer"; Value = "CUI"; VariantName = "[No Variations]"
Change component parameters (AddParameter): Name = "Manufacturer Part Number"; Value = "TBP01R1-508-02BE"; VariantName = "[No Variations]"
Change component parameters (AddParameter): Name = "Pricing 1"; Value = "1=0,50000, 10=0,26500, 25=0,18760, 50=0,15960, 100=0,15400, 250=0,13020, 500=0,12040, 1000=0,10640, 5000=0,08120 (USD)"; VariantName = "[No Variations]"
Change component parameters (AddParameter): Name = "RoHS"; Value = "No"; VariantName = "[No Variations]"
Change component parameters (AddParameter): Name = "Stock 1"; Value = "3398"; VariantName = "[No Variations]"
Change component parameters (AddParameter): Name = "Supplier 1"; Value = "Digi-Key"; VariantName = "[No Variations]"
Change component parameters (AddParameter): Name = "Supplier Part Number 1"; Value = "102-6406-ND"; VariantName = "[No Variations]"
Change component parameters: Designator = "J3" ("J3"); Footprint = "TBP01R1-508-02BE"; UniqueID = "\XXFYENKE" ("\XXFYENKE")
Change component parameters (AddParameter): Name = "Designed by"; Value = "BERK"; VariantName = "[No Variations]"
Change component parameters (AddParameter): Name = "Manufacturer"; Value = "CUI"; VariantName = "[No Variations]"
Change component parameters (AddParameter): Name = "Manufacturer Part Number"; Value = "TBP01R1-508-02BE"; VariantName = "[No Variations]"
Change component parameters (AddParameter): Name = "Pricing 1"; Value = "1=0,50000, 10=0,26500, 25=0,18760, 50=0,15960, 100=0,15400, 250=0,13020, 500=0,12040, 1000=0,10640, 5000=0,08120 (USD)"; VariantName = "[No Variations]"
Change component parameters (AddParameter): Name = "RoHS"; Value = "No"; VariantName = "[No Variations]"
Change component parameters (AddParameter): Name = "Stock 1"; Value = "3398"; VariantName = "[No Variations]"
Change component parameters (AddParameter): Name = "Supplier 1"; Value = "Digi-Key"; VariantName = "[No Variations]"
Change component parameters (AddParameter): Name = "Supplier Part Number 1"; Value = "102-6406-ND"; VariantName = "[No Variations]"
Added Component: Designator=J2(TBP01R1-508)
Add component (AddParameter): Name = "Designed by"; Value = "BERK"; VariantName = "[No Variations]"
Add component (AddParameter): Name = "Manufacturer"; Value = "CUI"; VariantName = "[No Variations]"
Add component (AddParameter): Name = "Manufacturer Part Number"; Value = "TBP01R1-508-02BE"; VariantName = "[No Variations]"
Add component (AddParameter): Name = "Pricing 1"; Value = "1=0,50000, 10=0,26500, 25=0,18760, 50=0,15960, 100=0,15400, 250=0,13020, 500=0,12040, 1000=0,10640, 5000=0,08120 (USD)"; VariantName = "[No Variations]"
Add component (AddParameter): Name = "RoHS"; Value = "No"; VariantName = "[No Variations]"
Add component (AddParameter): Name = "Stock 1"; Value = "3398"; VariantName = "[No Variations]"
Add component (AddParameter): Name = "Supplier 1"; Value = "Digi-Key"; VariantName = "[No Variations]"
Add component (AddParameter): Name = "Supplier Part Number 1"; Value = "102-6406-ND"; VariantName = "[No Variations]"
Added Pin To Net: NetName=LIGHT_2_VCC Pin=J2-1
Added Pin To Net: NetName=LIGHT_2_GND Pin=J2-2
Added Member To Class: ClassName=Power Management Member=Component J2 TBP01R1-508-02BE
