Remove Pin=J8-2 From Net=Photo_Electric_Switch
Remove Pin=P1-2 From Net=BOOT0
Remove Pin=P2-1 From Net=SWDIO
Remove Pin=P2-2 From Net=SWCLK
Remove Pin=P3-2 From Net=BOOT1
Remove Pin=Q1-2 From Net=User_Led_2
Remove Pin=Q2-2 From Net=User_Led_3
Remove Pin=Q3-1 From Net=Relay_Output
Remove Pin=Q4-2 From Net=Buzzer_Output
Remove Pin=R10-1 From Net=User_Led_0
Remove Pin=R11-1 From Net=User_Led_1
Remove Pin=R17-1 From Net=Interrupt_EXTI14
Remove Pin=R18-1 From Net=Interrupt_EXTI13
Remove Pin=R21-1 From Net=VDDA
Remove Pin=RV1-1 From Net=VDDA
Remove Pin=RV1-2 From Net=pot_value
Remove Pin=U3A-3 From Net=RCC_OSC_LSE_1
Remove Pin=U3A-4 From Net=RCC_OSC_LSE_2
Remove Pin=U3A-5 From Net=RCC_OSC_HSE_1
Remove Pin=U3A-6 From Net=RCC_OSC_HSE_2
Remove Pin=U3A-7 From Net=NRST
Remove Pin=U3A-15 From Net=X_axis
Remove Pin=U3A-16 From Net=Y_axis
Remove Pin=U3A-17 From Net=pot_value
Remove Pin=U3A-20 From Net=ldr_value
Remove Pin=U3A-22 From Net=Servo_Engine_PWM
Remove Pin=U3A-24 From Net=User_Led_0
Remove Pin=U3A-25 From Net=User_Led_1
Remove Pin=U3A-26 From Net=User_Led_2
Remove Pin=U3A-27 From Net=User_Led_3
Remove Pin=U3A-28 From Net=BOOT1
Remove Pin=U3A-34 From Net=Interrupt_EXTI13
Remove Pin=U3A-35 From Net=Interrupt_EXTI14
Remove Pin=U3A-37 From Net=USART6_TX
Remove Pin=U3A-38 From Net=USART6_RX
Remove Pin=U3A-40 From Net=DC_Engine_Left
Remove Pin=U3A-41 From Net=DC_Engine_PWM
Remove Pin=U3A-42 From Net=Dc_Engine_Right
Remove Pin=U3A-44 From Net=Relay_Output
Remove Pin=U3A-46 From Net=SWDIO
Remove Pin=U3A-49 From Net=SWCLK
Remove Pin=U3A-52 From Net=Photo_Electric_Switch
Remove Pin=U3A-56 From Net=Trig
Remove Pin=U3A-57 From Net=Echo
Remove Pin=U3A-58 From Net=Buzzer_Output
Remove Pin=U3A-60 From Net=BOOT0
Remove Pin=U3A-61 From Net=I2C_SCL
Remove Pin=U3A-62 From Net=I2C_SDA
Remove Pin=U4-2 From Net=Trig
Remove Pin=U4-3 From Net=Echo
Remove Pin=U6-1 From Net=USART6_TX
Remove Pin=U6-2 From Net=USART6_RX
Remove Pin=U8-1 From Net=DC_Engine_PWM
Remove Pin=U8-2 From Net=DC_Engine_Left
Remove Pin=U8-7 From Net=DC_Engine_Right
Remove Pin=U8-9 From Net=DC_Engine_PWM
Remove Pin=U8-10 From Net=DC_Engine_Left
Remove Pin=U8-15 From Net=DC_Engine_Right
